base\testparser.go:25::warning: Errors unhandled.,LOW,HIGH (gas)
base\testparser.go:26::warning: Errors unhandled.,LOW,HIGH (gas)
base\testparser.go:69:18:warning: argument functionName is overwritten before first use (SA4009) (megacheck)
generator_test.go:7:2:error: could not import github.com/corbym/gogiven (type-checking package "github.com/corbym/gogiven" failed (C:\Users\Matt\go\src\github.com\corbym\gogiven\generator.go:4:2: could not import github.com/corbym/gogiven/generator (type-checking package "github.com/corbym/gogiven/generator" failed (C:\Users\Matt\go\src\github.com\corbym\gogiven\generator\pagedata.go:5:2: could not import github.com/corbym/gogiven/testdata (import cycle through package "github.com/corbym/gogiven/testdata"))))) (gotypex)
generator_test.go:8:2:error: could not import github.com/corbym/gogiven/generator (type-checking package "github.com/corbym/gogiven/generator" failed (C:\Users\Matt\go\src\github.com\corbym\gogiven\generator\pagedata.go:5:2: could not import github.com/corbym/gogiven/testdata (import cycle through package "github.com/corbym/gogiven/testdata"))) (gotypex)
given_test.go:12:2:error: could not import github.com/corbym/gogiven/testdata (import cycle through package "github.com/corbym/gogiven/testdata") (gotypex)
given_test.go:17:2:error: undeclared name: GenerateTestOutput (gotypex)
given_test.go:23:2:error: undeclared name: Given (gotypex)
given_test.go:47:12:error: undeclared name: Given (gotypex)
given_test.go:78:4:error: undeclared name: Given (gotypex)
given_test.go:90:9:error: cannot use (func(givens testdata.InterestingGivens) literal) (value of type func(givens invalid type)) as github.com/corbym/gogiven/base.GivenData value in return statement (gotypex)
given_test.go:97:2:error: undeclared name: Given (gotypex)
given_test.go:110:2:error: undeclared name: Given (gotypex)
given_test.go:10:2:error: "github.com/corbym/gogiven" imported but not used (gotypex)
generator\fileoutputgenerator.go:59:24:warning: error return value not checked (os.Stdout.WriteString("env var GOGIVENS_OUTPUT_DIR was not found, using TempDir " + os.TempDir())) (errcheck)
generator\fileoutputgenerator.go:65:23:warning: error return value not checked (os.Stderr.WriteString("output dir not found:" + outputDir + ", defaulting to ./")) (errcheck)
generator.go:4:2:error: could not import github.com/corbym/gogiven/generator (type-checking package "github.com/corbym/gogiven/generator" failed (C:\Users\Matt\go\src\github.com\corbym\gogiven\generator\pagedata.go:5:2: could not import github.com/corbym/gogiven/testdata (import cycle through package "github.com/corbym/gogiven/testdata"))) (gotype)
generator.go:5:2:error: could not import github.com/corbym/htmlspec (type-checking package "github.com/corbym/htmlspec" failed (C:\Users\Matt\go\src\github.com\corbym\htmlspec\htmlgenerator.go:5:2: could not import github.com/corbym/gogiven/generator (type-checking package "github.com/corbym/gogiven/generator" failed (C:\Users\Matt\go\src\github.com\corbym\gogiven\generator\pagedata.go:5:2: could not import github.com/corbym/gogiven/testdata (import cycle through package "github.com/corbym/gogiven/testdata"))))) (gotype)
generator\pagedata.go:5:2:error: could not import github.com/corbym/gogiven/testdata (import cycle through package "github.com/corbym/gogiven/testdata") (gotype)
generator\pagedata.go:65::error: range var v copies lock: github.com/corbym/gogiven/base.Some (vet)
generator\pagedata.go:66::error: function call copies lock value: github.com/corbym/gogiven/base.Some (vet)
